<?xml version="1.0" encoding="UTF-8"?>
<!-- Generated by org.testng.reporters.JUnitXMLReporter -->
<testsuite ignored="0" hostname="LAPTOP-2F76RQJQ" failures="0" tests="4" name="Default test" time="74.311" errors="0" timestamp="2020-04-12T00:16:48 IST">
  <testcase classname="com.demo.Testng_Script2" name="method1" time="4.382"/>
  <testcase classname="com.demo.Testng_Script2" name="method2" time="5.237"/>
  <testcase classname="com.demo.Testng_Script2" name="method3" time="2.725"/>
  <testcase classname="com.demo.Testng_Script2" name="method4" time="2.837"/>
</testsuite> <!-- Default test -->
