<?xml version="1.0" encoding="UTF-8"?>
<!-- Generated by org.testng.reporters.JUnitXMLReporter -->
<testsuite ignored="0" hostname="LAPTOP-2F76RQJQ" failures="0" tests="3" name="Default test" time="78.619" errors="0" timestamp="2020-04-11T19:27:34 IST">
  <testcase classname="com.demo.Testng_Script2" name="method1" time="4.385"/>
  <testcase classname="com.demo.Testng_Script2" name="method2" time="6.382"/>
  <testcase classname="com.demo.Testng_Script2" name="method3" time="6.082"/>
</testsuite> <!-- Default test -->
