<?xml version="1.0" encoding="UTF-8"?>
<!-- Generated by org.testng.reporters.JUnitXMLReporter -->
<testsuite ignored="0" hostname="LAPTOP-2F76RQJQ" failures="0" tests="5" name="Test" time="108.988" errors="0" timestamp="2020-04-09T23:50:04 IST">
  <testcase classname="com.demo.Testng_Script" name="method3" time="2.922"/>
  <testcase classname="com.demo.Testng_Script" name="method2" time="4.57"/>
  <testcase classname="com.demo.Testng_Script" name="method1" time="3.061"/>
  <testcase classname="com.demo.Testng_Script2" name="method1" time="5.246"/>
  <testcase classname="com.demo.Testng_Script2" name="method2" time="5.473"/>
</testsuite> <!-- Test -->
