<?xml version="1.0" encoding="UTF-8"?>
<testng-results ignored="0" total="2" passed="2" failed="0" skipped="0">
  <reporter-output>
  </reporter-output>
  <suite started-at="2020-04-18T00:41:40 IST" name="Default suite" finished-at="2020-04-18T00:42:19 IST" duration-ms="38440">
    <groups>
    </groups>
    <test started-at="2020-04-18T00:41:40 IST" name="Default test" finished-at="2020-04-18T00:42:19 IST" duration-ms="38440">
      <class name="yourlogo.SignUpAccount">
        <test-method is-config="true" signature="launchBrowser()[pri:0, instance:yourlogo.SignUpAccount@2e222612]" started-at="2020-04-18T00:41:40 IST" name="launchBrowser" finished-at="2020-04-18T00:41:44 IST" duration-ms="3683" status="PASS">
          <reporter-output>
          </reporter-output>
        </test-method> <!-- launchBrowser -->
        <test-method signature="signUp()[pri:0, instance:yourlogo.SignUpAccount@2e222612]" started-at="2020-04-18T00:41:44 IST" name="signUp" finished-at="2020-04-18T00:42:11 IST" duration-ms="27057" status="PASS">
          <reporter-output>
          </reporter-output>
        </test-method> <!-- signUp -->
        <test-method signature="loginAfterSignup()[pri:1, instance:yourlogo.SignUpAccount@2e222612]" started-at="2020-04-18T00:42:11 IST" name="loginAfterSignup" finished-at="2020-04-18T00:42:19 IST" duration-ms="7535" status="PASS">
          <reporter-output>
          </reporter-output>
        </test-method> <!-- loginAfterSignup -->
        <test-method is-config="true" signature="closeBrowser()[pri:0, instance:yourlogo.SignUpAccount@2e222612]" started-at="2020-04-18T00:42:19 IST" name="closeBrowser" finished-at="2020-04-18T00:42:19 IST" duration-ms="114" status="PASS">
          <reporter-output>
          </reporter-output>
        </test-method> <!-- closeBrowser -->
      </class> <!-- yourlogo.SignUpAccount -->
    </test> <!-- Default test -->
  </suite> <!-- Default suite -->
</testng-results>
