<?xml version="1.0" encoding="UTF-8"?>
<testng-results ignored="0" total="4" passed="4" failed="0" skipped="0">
  <reporter-output>
  </reporter-output>
  <suite started-at="2020-04-12T00:15:34 IST" name="Default suite" finished-at="2020-04-12T00:16:48 IST" duration-ms="74311">
    <groups>
    </groups>
    <test started-at="2020-04-12T00:15:34 IST" name="Default test" finished-at="2020-04-12T00:16:48 IST" duration-ms="74311">
      <class name="com.demo.Testng_Script2">
        <test-method is-config="true" signature="beforeClass()[pri:0, instance:com.demo.Testng_Script2@34f7cfd9]" started-at="2020-04-12T00:15:34 IST" name="beforeClass" finished-at="2020-04-12T00:15:39 IST" duration-ms="5183" status="PASS">
          <reporter-output>
          </reporter-output>
        </test-method> <!-- beforeClass -->
        <test-method is-config="true" signature="beforeMethod()[pri:0, instance:com.demo.Testng_Script2@34f7cfd9]" started-at="2020-04-12T00:15:39 IST" name="beforeMethod" finished-at="2020-04-12T00:15:57 IST" duration-ms="18237" status="PASS">
          <reporter-output>
          </reporter-output>
        </test-method> <!-- beforeMethod -->
        <test-method signature="method1()[pri:0, instance:com.demo.Testng_Script2@34f7cfd9]" started-at="2020-04-12T00:15:57 IST" name="method1" finished-at="2020-04-12T00:16:01 IST" duration-ms="4382" status="PASS">
          <reporter-output>
          </reporter-output>
        </test-method> <!-- method1 -->
        <test-method is-config="true" signature="afterMethod()[pri:0, instance:com.demo.Testng_Script2@34f7cfd9]" started-at="2020-04-12T00:16:01 IST" name="afterMethod" finished-at="2020-04-12T00:16:04 IST" duration-ms="2526" status="PASS">
          <reporter-output>
          </reporter-output>
        </test-method> <!-- afterMethod -->
        <test-method is-config="true" signature="beforeMethod()[pri:0, instance:com.demo.Testng_Script2@34f7cfd9]" started-at="2020-04-12T00:16:04 IST" name="beforeMethod" finished-at="2020-04-12T00:16:12 IST" duration-ms="7698" status="PASS">
          <reporter-output>
          </reporter-output>
        </test-method> <!-- beforeMethod -->
        <test-method signature="method2()[pri:0, instance:com.demo.Testng_Script2@34f7cfd9]" started-at="2020-04-12T00:16:12 IST" name="method2" finished-at="2020-04-12T00:16:17 IST" duration-ms="5237" status="PASS">
          <reporter-output>
          </reporter-output>
        </test-method> <!-- method2 -->
        <test-method is-config="true" signature="afterMethod()[pri:0, instance:com.demo.Testng_Script2@34f7cfd9]" started-at="2020-04-12T00:16:17 IST" name="afterMethod" finished-at="2020-04-12T00:16:20 IST" duration-ms="2786" status="PASS">
          <reporter-output>
          </reporter-output>
        </test-method> <!-- afterMethod -->
        <test-method is-config="true" signature="beforeMethod()[pri:0, instance:com.demo.Testng_Script2@34f7cfd9]" started-at="2020-04-12T00:16:20 IST" name="beforeMethod" finished-at="2020-04-12T00:16:30 IST" duration-ms="10392" status="PASS">
          <reporter-output>
          </reporter-output>
        </test-method> <!-- beforeMethod -->
        <test-method signature="method3()[pri:0, instance:com.demo.Testng_Script2@34f7cfd9]" started-at="2020-04-12T00:16:30 IST" name="method3" finished-at="2020-04-12T00:16:33 IST" duration-ms="2725" status="PASS">
          <reporter-output>
          </reporter-output>
        </test-method> <!-- method3 -->
        <test-method is-config="true" signature="afterMethod()[pri:0, instance:com.demo.Testng_Script2@34f7cfd9]" started-at="2020-04-12T00:16:33 IST" name="afterMethod" finished-at="2020-04-12T00:16:36 IST" duration-ms="2854" status="PASS">
          <reporter-output>
          </reporter-output>
        </test-method> <!-- afterMethod -->
        <test-method is-config="true" signature="beforeMethod()[pri:0, instance:com.demo.Testng_Script2@34f7cfd9]" started-at="2020-04-12T00:16:36 IST" name="beforeMethod" finished-at="2020-04-12T00:16:43 IST" duration-ms="6847" status="PASS">
          <reporter-output>
          </reporter-output>
        </test-method> <!-- beforeMethod -->
        <test-method signature="method4()[pri:0, instance:com.demo.Testng_Script2@34f7cfd9]" started-at="2020-04-12T00:16:43 IST" name="method4" finished-at="2020-04-12T00:16:45 IST" duration-ms="2837" status="PASS">
          <reporter-output>
          </reporter-output>
        </test-method> <!-- method4 -->
        <test-method is-config="true" signature="afterMethod()[pri:0, instance:com.demo.Testng_Script2@34f7cfd9]" started-at="2020-04-12T00:16:45 IST" name="afterMethod" finished-at="2020-04-12T00:16:48 IST" duration-ms="2368" status="PASS">
          <reporter-output>
          </reporter-output>
        </test-method> <!-- afterMethod -->
        <test-method is-config="true" signature="afterClass()[pri:0, instance:com.demo.Testng_Script2@34f7cfd9]" started-at="2020-04-12T00:16:48 IST" name="afterClass" finished-at="2020-04-12T00:16:48 IST" duration-ms="149" status="PASS">
          <reporter-output>
          </reporter-output>
        </test-method> <!-- afterClass -->
      </class> <!-- com.demo.Testng_Script2 -->
    </test> <!-- Default test -->
  </suite> <!-- Default suite -->
</testng-results>
